[13:15:59.985] [INFO   ] thread bguspl.set.Main.main() starting.
[13:15:59.987] [SEVERE ] cannot read configuration file config.properties trying from resources.
[13:15:59.988] [SEVERE ] configuration file was loaded from resources directory.
[13:16:00.489] [INFO   ] thread dealer starting.
[13:16:00.489] [INFO   ] thread dealer starting.
[13:16:00.494] [INFO   ] thread 1  starting.
[13:16:00.494] [INFO   ] thread 0  starting.
[13:16:00.500] [INFO   ] thread computer-0 starting.
[13:16:00.515] [INFO   ] thread computer-1 starting.
[13:16:00.597] [SEVERE ] placing card 65 in slot 0
[13:16:00.707] [SEVERE ] placing card 31 in slot 1
[13:16:00.817] [SEVERE ] placing card 45 in slot 2
[13:16:00.925] [SEVERE ] placing card 39 in slot 3
[13:16:00.942] [SEVERE ] player 1 placing token on slot 0
[13:16:01.035] [SEVERE ] placing card 20 in slot 4
[13:16:01.051] [SEVERE ] removing player 1 token from slot 0
[13:16:01.066] [SEVERE ] player 2 placing token on slot 2
[13:16:01.142] [SEVERE ] placing card 40 in slot 5
[13:16:01.158] [SEVERE ] player 1 placing token on slot 1
[13:16:01.174] [SEVERE ] removing player 2 token from slot 2
[13:16:01.254] [SEVERE ] placing card 22 in slot 6
[13:16:01.285] [SEVERE ] player 2 placing token on slot 1
[13:16:01.362] [SEVERE ] placing card 44 in slot 7
[13:16:01.393] [SEVERE ] player 2 placing token on slot 4
[13:16:01.469] [SEVERE ] placing card 71 in slot 8
[13:16:01.484] [SEVERE ] player 1 placing token on slot 0
[13:16:01.499] [SEVERE ] player 2 placing token on slot 2
[13:16:01.578] [SEVERE ] placing card 32 in slot 9
[13:16:01.594] [SEVERE ] player 1 placing token on slot 6
[13:16:01.688] [SEVERE ] placing card 26 in slot 10
[13:16:01.795] [SEVERE ] placing card 62 in slot 11
[13:16:01.802] [SEVERE ] updating countdown to 9900
[13:16:01.802] [SEVERE ] updating countdown to 9900
[13:16:01.804] [INFO   ] dealer going to sleep
[13:16:01.804] [SEVERE ] setting player 1 freeze to 0
[13:16:01.804] [SEVERE ] setting player 2 freeze to 0
[13:16:01.917] [SEVERE ] removing player 1 token from slot 6
[13:16:01.917] [SEVERE ] removing player 2 token from slot 2
[13:16:02.026] [SEVERE ] player 2 placing token on slot 9
[13:16:02.026] [SEVERE ] player 1 placing token on slot 3
[13:16:02.027] [INFO   ] dealer waking up
[13:16:02.027] [SEVERE ] updating countdown to 9675
[13:16:02.029] [SEVERE ] setting player 2 freeze to 0
[13:16:02.030] [INFO   ] dealer going to sleep
[13:16:02.030] [SEVERE ] setting player 1 freeze to 0
[13:16:02.134] [SEVERE ] removing player 1 token from slot 1
[13:16:02.134] [SEVERE ] removing player 2 token from slot 9
[13:16:02.243] [SEVERE ] player 2 placing token on slot 9
[13:16:02.243] [SEVERE ] removing player 1 token from slot 0
[13:16:02.244] [INFO   ] dealer waking up
[13:16:02.244] [SEVERE ] updating countdown to 9458
[13:16:02.246] [INFO   ] dealer going to sleep
[13:16:02.247] [SEVERE ] setting player 2 freeze to 0
[13:16:02.351] [SEVERE ] player 1 placing token on slot 6
[13:16:02.351] [SEVERE ] removing player 2 token from slot 4
[13:16:02.461] [SEVERE ] player 2 placing token on slot 7
[13:16:02.461] [SEVERE ] player 1 placing token on slot 10
[13:16:02.462] [INFO   ] dealer waking up
[13:16:02.462] [SEVERE ] updating countdown to 9240
[13:16:02.464] [SEVERE ] setting player 2 freeze to 0
[13:16:02.465] [INFO   ] dealer going to sleep
[13:16:02.466] [SEVERE ] setting player 1 freeze to 0
[13:16:02.568] [SEVERE ] removing player 2 token from slot 9
[13:16:02.568] [SEVERE ] removing player 1 token from slot 6
[13:16:02.676] [SEVERE ] player 2 placing token on slot 5
[13:16:02.676] [SEVERE ] removing player 1 token from slot 10
[13:16:02.678] [INFO   ] dealer waking up
[13:16:02.678] [SEVERE ] updating countdown to 9024
[13:16:02.679] [INFO   ] dealer going to sleep
[13:16:02.680] [SEVERE ] setting player 2 freeze to 0
[13:16:02.784] [SEVERE ] removing player 2 token from slot 7
[13:16:02.784] [SEVERE ] player 1 placing token on slot 1
[13:16:02.893] [SEVERE ] player 2 placing token on slot 0
[13:16:02.893] [SEVERE ] player 1 placing token on slot 11
[13:16:02.894] [INFO   ] dealer waking up
[13:16:02.894] [SEVERE ] updating countdown to 8808
[13:16:02.895] [SEVERE ] setting player 2 freeze to 0
[13:16:02.896] [INFO   ] dealer going to sleep
[13:16:02.896] [SEVERE ] setting player 1 freeze to 0
[13:16:02.997] [SEVERE ] removing player 2 token from slot 0
[13:16:03.003] [SEVERE ] removing player 1 token from slot 1
[13:16:03.112] [SEVERE ] player 1 placing token on slot 5
[13:16:03.112] [SEVERE ] player 2 placing token on slot 10
[13:16:03.113] [INFO   ] dealer waking up
[13:16:03.113] [SEVERE ] updating countdown to 8589
[13:16:03.115] [SEVERE ] setting player 1 freeze to 0
[13:16:03.116] [INFO   ] dealer going to sleep
[13:16:03.116] [SEVERE ] setting player 2 freeze to 0
[13:16:03.223] [SEVERE ] removing player 2 token from slot 10
[13:16:03.223] [SEVERE ] removing player 1 token from slot 5
[13:16:03.332] [SEVERE ] removing player 1 token from slot 3
[13:16:03.332] [SEVERE ] player 2 placing token on slot 4
[13:16:03.333] [INFO   ] dealer waking up
[13:16:03.334] [SEVERE ] updating countdown to 8368
[13:16:03.335] [INFO   ] dealer going to sleep
[13:16:03.335] [SEVERE ] setting player 2 freeze to 0
[13:16:03.440] [SEVERE ] removing player 2 token from slot 5
[13:16:03.440] [SEVERE ] player 1 placing token on slot 8
[13:16:03.549] [SEVERE ] removing player 2 token from slot 1
[13:16:03.549] [SEVERE ] removing player 1 token from slot 11
[13:16:03.657] [SEVERE ] player 1 placing token on slot 0
[13:16:03.657] [SEVERE ] player 2 placing token on slot 11
[13:16:03.766] [SEVERE ] player 2 placing token on slot 6
[13:16:03.766] [SEVERE ] player 1 placing token on slot 4
[13:16:03.767] [INFO   ] dealer waking up
[13:16:03.767] [SEVERE ] updating countdown to 7935
[13:16:03.768] [INFO   ] dealer going to sleep
[13:16:03.769] [SEVERE ] setting player 2 freeze to 0
[13:16:03.770] [SEVERE ] setting player 1 freeze to 0
[13:16:03.874] [SEVERE ] removing player 2 token from slot 4
[13:16:03.874] [SEVERE ] removing player 1 token from slot 0
[13:16:03.984] [SEVERE ] player 2 placing token on slot 8
[13:16:03.984] [SEVERE ] player 1 placing token on slot 9
[13:16:03.985] [INFO   ] dealer waking up
[13:16:03.985] [SEVERE ] updating countdown to 7717
[13:16:03.986] [SEVERE ] setting player 2 freeze to 0
[13:16:04.092] [SEVERE ] removing player 2 token from slot 8
[13:16:04.092] [SEVERE ] removing player 1 token from slot 8
[13:16:04.093] [SEVERE ] removing tokens from slot 8
[13:16:04.202] [SEVERE ] removing player 2 token from slot 6
[13:16:04.202] [SEVERE ] removing card from slot 8
[13:16:04.310] [SEVERE ] player 2 placing token on slot 7
[13:16:04.310] [SEVERE ] removing player 1 token from slot 4
[13:16:04.311] [SEVERE ] removing tokens from slot 4
[13:16:04.418] [SEVERE ] removing card from slot 4
[13:16:04.418] [SEVERE ] player 2 placing token on slot 4
[13:16:04.527] [SEVERE ] removing player 1 token from slot 9
[13:16:04.528] [SEVERE ] removing tokens from slot 9
[13:16:04.629] [SEVERE ] removing card from slot 9
[13:16:04.629] [SEVERE ] updating countdown to 9900
[13:16:04.631] [SEVERE ] setting player 1 score to 1
[13:16:04.631] [SEVERE ] setting player 1 freeze to 0
[13:16:04.731] [SEVERE ] placing card 51 in slot 4
[13:16:04.746] [SEVERE ] player 1 placing token on slot 1
[13:16:04.840] [SEVERE ] placing card 9 in slot 8
[13:16:04.855] [SEVERE ] player 1 placing token on slot 2
[13:16:04.947] [SEVERE ] placing card 58 in slot 9
[13:16:04.947] [SEVERE ] updating countdown to 9582
[13:16:04.948] [INFO   ] dealer going to sleep
[13:16:04.949] [SEVERE ] setting player 2 freeze to 0
[13:16:04.963] [SEVERE ] player 1 placing token on slot 5
[13:16:04.964] [INFO   ] dealer waking up
[13:16:04.964] [SEVERE ] updating countdown to 9565
[13:16:04.964] [INFO   ] dealer going to sleep
[13:16:04.966] [SEVERE ] setting player 1 freeze to 0
[13:16:05.056] [SEVERE ] removing player 2 token from slot 7
[13:16:05.072] [SEVERE ] removing player 1 token from slot 2
[13:16:05.165] [SEVERE ] player 2 placing token on slot 0
[13:16:05.166] [INFO   ] dealer waking up
[13:16:05.166] [SEVERE ] updating countdown to 9363
[13:16:05.167] [INFO   ] dealer going to sleep
[13:16:05.168] [SEVERE ] setting player 2 freeze to 0
[13:16:05.181] [SEVERE ] player 1 placing token on slot 8
[13:16:05.182] [INFO   ] dealer waking up
[13:16:05.182] [SEVERE ] updating countdown to 9347
[13:16:05.182] [INFO   ] dealer going to sleep
[13:16:05.183] [SEVERE ] setting player 1 freeze to 0
[13:16:05.274] [SEVERE ] removing player 2 token from slot 11
[13:16:05.289] [SEVERE ] removing player 1 token from slot 1
[13:16:05.381] [SEVERE ] removing player 2 token from slot 4
[13:16:05.396] [SEVERE ] player 1 placing token on slot 9
[13:16:05.397] [INFO   ] dealer waking up
[13:16:05.397] [SEVERE ] updating countdown to 9132
[13:16:05.398] [INFO   ] dealer going to sleep
[13:16:05.398] [SEVERE ] setting player 1 freeze to 0
[13:16:05.489] [SEVERE ] player 2 placing token on slot 8
[13:16:05.504] [SEVERE ] removing player 1 token from slot 9
[13:16:05.596] [SEVERE ] player 2 placing token on slot 5
[13:16:05.597] [INFO   ] dealer waking up
[13:16:05.598] [SEVERE ] updating countdown to 8931
[13:16:05.598] [INFO   ] dealer going to sleep
[13:16:05.599] [SEVERE ] setting player 2 freeze to 0
[13:16:05.611] [SEVERE ] player 1 placing token on slot 10
[13:16:05.612] [INFO   ] dealer waking up
[13:16:05.613] [SEVERE ] updating countdown to 8917
[13:16:05.613] [INFO   ] dealer going to sleep
[13:16:05.613] [SEVERE ] setting player 1 freeze to 0
[13:16:05.703] [SEVERE ] removing player 2 token from slot 0
[13:16:05.719] [SEVERE ] removing player 1 token from slot 5
[13:16:05.813] [SEVERE ] player 2 placing token on slot 9
[13:16:05.814] [INFO   ] dealer waking up
[13:16:05.814] [SEVERE ] updating countdown to 8715
[13:16:05.814] [INFO   ] dealer going to sleep
[13:16:05.815] [SEVERE ] setting player 2 freeze to 0
[13:16:05.829] [SEVERE ] player 1 placing token on slot 7
[13:16:05.829] [INFO   ] dealer waking up
[13:16:05.830] [SEVERE ] updating countdown to 8699
[13:16:05.830] [INFO   ] dealer going to sleep
[13:16:05.830] [SEVERE ] setting player 1 freeze to 0
[13:16:05.922] [SEVERE ] removing player 2 token from slot 5
[13:16:05.938] [SEVERE ] removing player 1 token from slot 7
[13:16:06.046] [SEVERE ] player 2 placing token on slot 5
[13:16:06.046] [SEVERE ] removing player 1 token from slot 8
[13:16:06.047] [INFO   ] dealer waking up
[13:16:06.047] [SEVERE ] updating countdown to 8482
[13:16:06.048] [INFO   ] dealer going to sleep
[13:16:06.048] [SEVERE ] setting player 2 freeze to 0
[13:16:06.154] [SEVERE ] removing player 2 token from slot 8
[13:16:06.154] [SEVERE ] player 1 placing token on slot 11
[13:16:06.261] [SEVERE ] player 1 placing token on slot 5
[13:16:06.261] [SEVERE ] player 2 placing token on slot 1
[13:16:06.262] [INFO   ] dealer waking up
[13:16:06.262] [SEVERE ] updating countdown to 8267
[13:16:06.264] [SEVERE ] setting player 1 freeze to 0
[13:16:06.265] [INFO   ] dealer going to sleep
[13:16:06.266] [SEVERE ] setting player 2 freeze to 0
[13:16:06.371] [SEVERE ] removing player 1 token from slot 11
[13:16:06.371] [SEVERE ] removing player 2 token from slot 9
[13:16:06.481] [SEVERE ] removing player 2 token from slot 5
[13:16:06.481] [SEVERE ] player 1 placing token on slot 6
[13:16:06.482] [INFO   ] dealer waking up
[13:16:06.482] [SEVERE ] updating countdown to 8047
[13:16:06.482] [INFO   ] dealer going to sleep
[13:16:06.483] [SEVERE ] setting player 1 freeze to 0
[13:16:06.590] [SEVERE ] removing player 2 token from slot 1
[13:16:06.590] [SEVERE ] removing player 1 token from slot 6
[13:16:06.698] [SEVERE ] player 1 placing token on slot 8
[13:16:06.698] [SEVERE ] player 2 placing token on slot 3
[13:16:06.699] [INFO   ] dealer waking up
[13:16:06.699] [SEVERE ] updating countdown to 7830
[13:16:06.700] [INFO   ] dealer going to sleep
[13:16:06.700] [SEVERE ] setting player 1 freeze to 0
[13:16:06.807] [SEVERE ] removing player 1 token from slot 10
[13:16:06.807] [SEVERE ] player 2 placing token on slot 5
[13:16:06.917] [SEVERE ] player 2 placing token on slot 10
[13:16:06.917] [SEVERE ] removing player 1 token from slot 8
[13:16:06.918] [INFO   ] dealer waking up
[13:16:06.918] [SEVERE ] updating countdown to 7611
[13:16:06.918] [INFO   ] dealer going to sleep
[13:16:06.919] [SEVERE ] setting player 2 freeze to 0
[13:16:07.027] [SEVERE ] removing player 2 token from slot 5
[13:16:07.027] [SEVERE ] player 1 placing token on slot 4
[13:16:07.138] [SEVERE ] player 2 placing token on slot 9
[13:16:07.138] [SEVERE ] player 1 placing token on slot 3
[13:16:07.139] [INFO   ] dealer waking up
[13:16:07.139] [SEVERE ] updating countdown to 7390
[13:16:07.141] [SEVERE ] setting player 1 freeze to 0
[13:16:07.142] [INFO   ] dealer going to sleep
[13:16:07.143] [SEVERE ] setting player 2 freeze to 0
[13:16:07.246] [SEVERE ] removing player 1 token from slot 5
[13:16:07.246] [SEVERE ] removing player 2 token from slot 3
[13:16:07.353] [SEVERE ] player 2 placing token on slot 4
[13:16:07.353] [SEVERE ] player 1 placing token on slot 7
[13:16:07.354] [INFO   ] dealer waking up
[13:16:07.354] [SEVERE ] updating countdown to 7175
[13:16:07.356] [SEVERE ] setting player 2 freeze to 0
[13:16:07.357] [INFO   ] dealer going to sleep
[13:16:07.357] [SEVERE ] setting player 1 freeze to 0
[13:16:07.462] [SEVERE ] removing player 2 token from slot 10
[13:16:07.462] [SEVERE ] removing player 1 token from slot 4
[13:16:07.569] [SEVERE ] removing player 2 token from slot 9
[13:16:07.569] [SEVERE ] player 1 placing token on slot 5
[13:16:07.570] [INFO   ] dealer waking up
[13:16:07.570] [SEVERE ] updating countdown to 6959
[13:16:07.571] [INFO   ] dealer going to sleep
[13:16:07.572] [SEVERE ] setting player 1 freeze to 0
[13:16:07.676] [SEVERE ] player 2 placing token on slot 5
[13:16:07.676] [SEVERE ] removing player 1 token from slot 5
[13:16:07.784] [SEVERE ] player 2 placing token on slot 9
[13:16:07.784] [SEVERE ] player 1 placing token on slot 2
[13:16:07.785] [INFO   ] dealer waking up
[13:16:07.786] [SEVERE ] updating countdown to 6743
[13:16:07.787] [SEVERE ] setting player 2 freeze to 0
[13:16:07.788] [INFO   ] dealer going to sleep
[13:16:07.789] [SEVERE ] setting player 1 freeze to 0
[13:16:07.892] [SEVERE ] removing player 2 token from slot 9
[13:16:07.892] [SEVERE ] removing player 1 token from slot 2
[13:16:08.001] [SEVERE ] player 1 placing token on slot 10
[13:16:08.001] [SEVERE ] player 2 placing token on slot 9
[13:16:08.002] [INFO   ] dealer waking up
[13:16:08.002] [SEVERE ] updating countdown to 6527
[13:16:08.004] [SEVERE ] setting player 1 freeze to 0
[13:16:08.004] [INFO   ] dealer going to sleep
[13:16:08.005] [SEVERE ] setting player 2 freeze to 0
[13:16:08.112] [SEVERE ] removing player 2 token from slot 5
[13:16:08.112] [SEVERE ] removing player 1 token from slot 7
[13:16:08.222] [SEVERE ] removing player 2 token from slot 4
[13:16:08.222] [SEVERE ] player 1 placing token on slot 2
[13:16:08.222] [INFO   ] dealer waking up
[13:16:08.222] [SEVERE ] updating countdown to 6307
[13:16:08.224] [INFO   ] dealer going to sleep
[13:16:08.225] [SEVERE ] setting player 1 freeze to 0
[13:16:08.331] [SEVERE ] player 2 placing token on slot 1
[13:16:08.331] [SEVERE ] removing player 1 token from slot 10
[13:16:08.440] [SEVERE ] player 1 placing token on slot 11
[13:16:08.440] [SEVERE ] player 2 placing token on slot 0
[13:16:08.441] [INFO   ] dealer waking up
[13:16:08.441] [SEVERE ] updating countdown to 6088
[13:16:08.443] [SEVERE ] setting player 1 freeze to 0
[13:16:08.444] [INFO   ] dealer going to sleep
[13:16:08.445] [SEVERE ] setting player 2 freeze to 0
[13:16:08.547] [SEVERE ] removing player 1 token from slot 11
[13:16:08.547] [SEVERE ] removing player 2 token from slot 9
[13:16:08.655] [SEVERE ] player 2 placing token on slot 7
[13:16:08.655] [SEVERE ] player 1 placing token on slot 4
[13:16:08.668] [INFO   ] dealer waking up
[13:16:08.668] [SEVERE ] updating countdown to 5861
[13:16:08.670] [SEVERE ] setting player 2 freeze to 0
[13:16:08.671] [INFO   ] dealer going to sleep
[13:16:08.671] [SEVERE ] setting player 1 freeze to 0
[13:16:08.780] [SEVERE ] removing player 1 token from slot 3
[13:16:08.780] [SEVERE ] removing player 2 token from slot 7
[13:16:08.890] [SEVERE ] player 2 placing token on slot 11
[13:16:08.890] [SEVERE ] player 1 placing token on slot 7
[13:16:08.891] [INFO   ] dealer waking up
[13:16:08.891] [SEVERE ] updating countdown to 5638
[13:16:08.892] [SEVERE ] setting player 2 freeze to 0
[13:16:08.893] [INFO   ] dealer going to sleep
[13:16:08.894] [SEVERE ] setting player 1 freeze to 0
[13:16:08.998] [SEVERE ] removing player 1 token from slot 7
[13:16:08.998] [SEVERE ] removing player 2 token from slot 11
[13:16:09.108] [SEVERE ] player 2 placing token on slot 7
[13:16:09.108] [SEVERE ] removing player 1 token from slot 4
[13:16:09.109] [INFO   ] dealer waking up
[13:16:09.109] [SEVERE ] updating countdown to 5420
[13:16:09.110] [INFO   ] dealer going to sleep
[13:16:09.110] [SEVERE ] setting player 2 freeze to 0
[13:16:09.217] [SEVERE ] player 1 placing token on slot 6
[13:16:09.217] [SEVERE ] removing player 2 token from slot 1
[13:16:09.326] [SEVERE ] player 2 placing token on slot 2
[13:16:09.326] [SEVERE ] player 1 placing token on slot 4
[13:16:09.326] [INFO   ] dealer waking up
[13:16:09.326] [SEVERE ] updating countdown to 5203
[13:16:09.327] [SEVERE ] setting player 1 freeze to 0
[13:16:09.327] [INFO   ] dealer going to sleep
[13:16:09.328] [SEVERE ] setting player 2 freeze to 0
[13:16:09.429] [SEVERE ] removing player 1 token from slot 6
[13:16:09.437] [SEVERE ] removing player 2 token from slot 0
[13:16:09.530] [SEVERE ] player 1 placing token on slot 3
[13:16:09.530] [INFO   ] dealer waking up
[13:16:09.530] [SEVERE ] updating countdown to 4999
[13:16:09.531] [INFO   ] dealer going to sleep
[13:16:09.531] [SEVERE ] setting player 1 freeze to 0
[13:16:09.547] [SEVERE ] player 2 placing token on slot 11
[13:16:09.547] [INFO   ] dealer waking up
[13:16:09.547] [SEVERE ] updating countdown to 4982
[13:16:09.548] [INFO   ] dealer going to sleep
[13:16:09.548] [SEVERE ] setting player 2 freeze to 0
[13:16:09.639] [SEVERE ] removing player 1 token from slot 4
[13:16:09.655] [SEVERE ] removing player 2 token from slot 11
[13:16:09.748] [SEVERE ] removing player 1 token from slot 3
[13:16:09.764] [SEVERE ] player 2 placing token on slot 4
[13:16:09.764] [INFO   ] dealer waking up
[13:16:09.764] [SEVERE ] updating countdown to 4765
[13:16:09.765] [INFO   ] dealer going to sleep
[13:16:09.766] [SEVERE ] setting player 2 freeze to 0
[13:16:09.859] [SEVERE ] player 1 placing token on slot 8
[13:16:09.875] [SEVERE ] removing player 2 token from slot 7
[13:16:09.969] [SEVERE ] player 1 placing token on slot 10
[13:16:09.970] [INFO   ] dealer waking up
[13:16:09.970] [SEVERE ] updating countdown to 4559
[13:16:09.971] [INFO   ] dealer going to sleep
[13:16:09.972] [SEVERE ] setting player 1 freeze to 0
[13:16:09.985] [SEVERE ] player 2 placing token on slot 1
[13:16:09.985] [INFO   ] dealer waking up
[13:16:09.985] [SEVERE ] updating countdown to 4544
[13:16:09.986] [INFO   ] dealer going to sleep
[13:16:09.987] [SEVERE ] setting player 2 freeze to 0
[13:16:10.078] [SEVERE ] removing player 1 token from slot 10
[13:16:10.094] [SEVERE ] removing player 2 token from slot 1
[13:16:10.188] [SEVERE ] player 1 placing token on slot 7
[13:16:10.189] [INFO   ] dealer waking up
[13:16:10.189] [SEVERE ] updating countdown to 4340
[13:16:10.190] [INFO   ] dealer going to sleep
[13:16:10.191] [SEVERE ] setting player 1 freeze to 0
[13:16:10.204] [SEVERE ] player 2 placing token on slot 5
[13:16:10.204] [INFO   ] dealer waking up
[13:16:10.204] [SEVERE ] updating countdown to 4325
[13:16:10.206] [INFO   ] dealer going to sleep
[13:16:10.206] [SEVERE ] setting player 2 freeze to 0
[13:16:10.296] [SEVERE ] removing player 1 token from slot 8
[13:16:10.311] [SEVERE ] removing player 2 token from slot 2
[13:16:10.405] [SEVERE ] removing player 1 token from slot 7
[13:16:10.421] [SEVERE ] player 2 placing token on slot 1
[13:16:10.422] [INFO   ] dealer waking up
[13:16:10.422] [SEVERE ] updating countdown to 4107
[13:16:10.422] [INFO   ] dealer going to sleep
[13:16:10.423] [SEVERE ] setting player 2 freeze to 0
[13:16:10.515] [SEVERE ] player 1 placing token on slot 8
[13:16:10.531] [SEVERE ] removing player 2 token from slot 5
[13:16:10.624] [SEVERE ] player 1 placing token on slot 4
[13:16:10.625] [INFO   ] dealer waking up
[13:16:10.625] [SEVERE ] updating countdown to 3904
[13:16:10.625] [INFO   ] dealer going to sleep
[13:16:10.626] [SEVERE ] setting player 1 freeze to 0
[13:16:10.639] [SEVERE ] player 2 placing token on slot 6
[13:16:10.640] [INFO   ] dealer waking up
[13:16:10.640] [SEVERE ] updating countdown to 3889
[13:16:10.640] [INFO   ] dealer going to sleep
[13:16:10.641] [SEVERE ] setting player 2 freeze to 0
[13:16:10.732] [SEVERE ] removing player 1 token from slot 4
[13:16:10.747] [SEVERE ] removing player 2 token from slot 4
[13:16:10.841] [SEVERE ] player 1 placing token on slot 3
[13:16:10.842] [INFO   ] dealer waking up
[13:16:10.842] [SEVERE ] updating countdown to 3687
[13:16:10.842] [INFO   ] dealer going to sleep
[13:16:10.843] [SEVERE ] setting player 1 freeze to 0
[13:16:10.857] [SEVERE ] player 2 placing token on slot 11
[13:16:10.857] [INFO   ] dealer waking up
[13:16:10.857] [SEVERE ] updating countdown to 3672
[13:16:10.858] [INFO   ] dealer going to sleep
[13:16:10.858] [SEVERE ] setting player 2 freeze to 0
[13:16:10.950] [SEVERE ] removing player 1 token from slot 3
[13:16:10.966] [SEVERE ] removing player 2 token from slot 11
[13:16:11.058] [SEVERE ] player 1 placing token on slot 3
[13:16:11.059] [INFO   ] dealer waking up
[13:16:11.059] [SEVERE ] updating countdown to 3470
[13:16:11.060] [INFO   ] dealer going to sleep
[13:16:11.061] [SEVERE ] setting player 1 freeze to 0
[13:16:11.074] [SEVERE ] removing player 2 token from slot 6
[13:16:11.167] [SEVERE ] removing player 1 token from slot 2
[13:16:11.183] [SEVERE ] player 2 placing token on slot 4
[13:16:11.277] [SEVERE ] player 1 placing token on slot 1
[13:16:11.278] [INFO   ] dealer waking up
[13:16:11.278] [SEVERE ] updating countdown to 3251
[13:16:11.279] [INFO   ] dealer going to sleep
[13:16:11.280] [SEVERE ] setting player 1 freeze to 0
[13:16:11.293] [SEVERE ] removing player 2 token from slot 4
[13:16:11.385] [SEVERE ] removing player 1 token from slot 3
[13:16:11.401] [SEVERE ] player 2 placing token on slot 8
[13:16:11.511] [SEVERE ] player 2 placing token on slot 3
[13:16:11.511] [SEVERE ] removing player 1 token from slot 8
[13:16:11.512] [INFO   ] dealer waking up
[13:16:11.512] [SEVERE ] updating countdown to 3017
[13:16:11.513] [INFO   ] dealer going to sleep
[13:16:11.513] [SEVERE ] setting player 2 freeze to 0
[13:16:11.619] [SEVERE ] player 1 placing token on slot 10
[13:16:11.619] [SEVERE ] removing player 2 token from slot 3
[13:16:11.728] [SEVERE ] player 1 placing token on slot 2
[13:16:11.728] [SEVERE ] player 2 placing token on slot 2
[13:16:11.729] [INFO   ] dealer waking up
[13:16:11.729] [SEVERE ] updating countdown to 2800
[13:16:11.731] [SEVERE ] setting player 1 freeze to 0
[13:16:11.732] [INFO   ] dealer going to sleep
[13:16:11.732] [SEVERE ] setting player 2 freeze to 0
[13:16:11.836] [SEVERE ] removing player 2 token from slot 1
[13:16:11.836] [SEVERE ] removing player 1 token from slot 2
[13:16:11.946] [SEVERE ] player 1 placing token on slot 0
[13:16:11.946] [SEVERE ] player 2 placing token on slot 10
[13:16:11.946] [INFO   ] dealer waking up
[13:16:11.946] [SEVERE ] updating countdown to 2583
[13:16:11.948] [SEVERE ] setting player 2 freeze to 0
[13:16:11.949] [INFO   ] dealer going to sleep
[13:16:11.949] [SEVERE ] setting player 1 freeze to 0
[13:16:12.055] [SEVERE ] removing player 1 token from slot 1
[13:16:12.055] [SEVERE ] removing player 2 token from slot 8
[13:16:12.163] [SEVERE ] player 2 placing token on slot 5
[13:16:12.163] [SEVERE ] player 1 placing token on slot 5
[13:16:12.164] [INFO   ] dealer waking up
[13:16:12.164] [SEVERE ] updating countdown to 2365
[13:16:12.166] [INFO   ] dealer going to sleep
[13:16:12.167] [SEVERE ] setting player 2 freeze to 0
[13:16:12.168] [SEVERE ] setting player 1 freeze to 0
[13:16:12.272] [SEVERE ] removing player 2 token from slot 5
[13:16:12.272] [SEVERE ] removing player 1 token from slot 5
[13:16:12.381] [SEVERE ] player 1 placing token on slot 1
[13:16:12.381] [SEVERE ] player 2 placing token on slot 5
[13:16:12.381] [INFO   ] dealer waking up
[13:16:12.381] [SEVERE ] updating countdown to 2148
[13:16:12.382] [SEVERE ] setting player 2 freeze to 0
[13:16:12.383] [INFO   ] dealer going to sleep
[13:16:12.383] [SEVERE ] setting player 1 freeze to 0
[13:16:12.489] [SEVERE ] removing player 1 token from slot 1
[13:16:12.489] [SEVERE ] removing player 2 token from slot 5
[13:16:12.599] [SEVERE ] removing player 2 token from slot 10
[13:16:12.599] [SEVERE ] player 1 placing token on slot 9
[13:16:12.599] [INFO   ] dealer waking up
[13:16:12.599] [SEVERE ] updating countdown to 1930
[13:16:12.600] [INFO   ] dealer going to sleep
[13:16:12.601] [SEVERE ] setting player 1 freeze to 0
[13:16:12.706] [SEVERE ] player 2 placing token on slot 5
[13:16:12.706] [SEVERE ] removing player 1 token from slot 0
[13:16:12.817] [SEVERE ] removing player 2 token from slot 5
[13:16:12.817] [SEVERE ] player 1 placing token on slot 7
[13:16:12.817] [INFO   ] dealer waking up
[13:16:12.818] [SEVERE ] updating countdown to 1711
[13:16:12.818] [INFO   ] dealer going to sleep
[13:16:12.818] [SEVERE ] setting player 1 freeze to 0
[13:16:12.926] [SEVERE ] player 2 placing token on slot 0
[13:16:12.926] [SEVERE ] removing player 1 token from slot 7
[13:16:13.034] [SEVERE ] player 2 placing token on slot 1
[13:16:13.034] [SEVERE ] player 1 placing token on slot 5
[13:16:13.034] [INFO   ] dealer waking up
[13:16:13.034] [SEVERE ] updating countdown to 1495
[13:16:13.036] [SEVERE ] setting player 1 freeze to 0
[13:16:13.036] [INFO   ] dealer going to sleep
[13:16:13.038] [SEVERE ] setting player 2 freeze to 0
[13:16:13.143] [SEVERE ] removing player 2 token from slot 0
[13:16:13.143] [SEVERE ] removing player 1 token from slot 10
[13:16:13.252] [SEVERE ] player 2 placing token on slot 5
[13:16:13.252] [SEVERE ] player 1 placing token on slot 2
[13:16:13.253] [INFO   ] dealer waking up
[13:16:13.253] [SEVERE ] updating countdown to 1276
[13:16:13.255] [SEVERE ] setting player 2 freeze to 0
[13:16:13.256] [INFO   ] dealer going to sleep
[13:16:13.256] [SEVERE ] setting player 1 freeze to 0
[13:16:13.360] [SEVERE ] removing player 2 token from slot 1
[13:16:13.360] [SEVERE ] removing player 1 token from slot 2
[13:16:13.470] [SEVERE ] player 1 placing token on slot 10
[13:16:13.470] [SEVERE ] player 2 placing token on slot 9
[13:16:13.471] [INFO   ] dealer waking up
[13:16:13.471] [SEVERE ] updating countdown to 1058
[13:16:13.473] [SEVERE ] setting player 1 freeze to 0
[13:16:13.474] [INFO   ] dealer going to sleep
[13:16:13.475] [SEVERE ] setting player 2 freeze to 0
[13:16:13.579] [SEVERE ] removing player 1 token from slot 5
[13:16:13.579] [SEVERE ] removing player 2 token from slot 2
[13:16:13.686] [SEVERE ] player 2 placing token on slot 1
[13:16:13.686] [SEVERE ] player 1 placing token on slot 2
[13:16:13.686] [INFO   ] dealer waking up
[13:16:13.686] [SEVERE ] updating countdown to 843
[13:16:13.688] [SEVERE ] setting player 2 freeze to 0
[13:16:13.689] [INFO   ] dealer going to sleep
[13:16:13.690] [SEVERE ] setting player 1 freeze to 0
[13:16:13.793] [SEVERE ] removing player 2 token from slot 9
[13:16:13.793] [SEVERE ] removing player 1 token from slot 10
[13:16:13.902] [SEVERE ] removing player 2 token from slot 1
[13:16:13.902] [SEVERE ] player 1 placing token on slot 1
[13:16:13.903] [INFO   ] dealer waking up
[13:16:13.903] [SEVERE ] updating countdown to 626
[13:16:13.904] [INFO   ] dealer going to sleep
[13:16:13.905] [SEVERE ] setting player 1 freeze to 0
[13:16:14.012] [SEVERE ] player 2 placing token on slot 4
[13:16:14.012] [SEVERE ] removing player 1 token from slot 9
[13:16:14.121] [SEVERE ] player 2 placing token on slot 10
[13:16:14.121] [SEVERE ] player 1 placing token on slot 5
[13:16:14.122] [INFO   ] dealer waking up
[13:16:14.122] [SEVERE ] updating countdown to 407
[13:16:14.124] [SEVERE ] setting player 2 freeze to 0
[13:16:14.124] [INFO   ] dealer going to sleep
[13:16:14.126] [SEVERE ] setting player 1 freeze to 0
[13:16:14.230] [SEVERE ] removing player 1 token from slot 1
[13:16:14.230] [SEVERE ] removing player 2 token from slot 10
[13:16:14.339] [SEVERE ] player 2 placing token on slot 6
[13:16:14.339] [SEVERE ] player 1 placing token on slot 7
[13:16:14.339] [INFO   ] dealer waking up
[13:16:14.339] [SEVERE ] updating countdown to 190
[13:16:14.340] [SEVERE ] setting player 2 freeze to 0
[13:16:14.340] [INFO   ] dealer going to sleep
[13:16:14.340] [SEVERE ] setting player 1 freeze to 0
[13:16:14.449] [SEVERE ] removing player 1 token from slot 2
[13:16:14.449] [SEVERE ] removing player 2 token from slot 5
[13:16:14.558] [SEVERE ] player 2 placing token on slot 7
[13:16:14.558] [SEVERE ] player 1 placing token on slot 9
[13:16:14.558] [INFO   ] dealer waking up
[13:16:14.559] [SEVERE ] updating countdown to -29
[13:16:14.560] [SEVERE ] setting player 2 freeze to 0
[13:16:14.562] [SEVERE ] setting player 1 freeze to 0
[13:16:14.562] [SEVERE ] updating countdown to -33
[13:16:14.563] [SEVERE ] removing tokens from slot 0
[13:16:14.666] [SEVERE ] removing player 1 token from slot 7
[13:16:14.666] [SEVERE ] removing card from slot 0
[13:16:14.666] [SEVERE ] removing player 2 token from slot 7
[13:16:14.666] [SEVERE ] removing tokens from slot 1
[13:16:14.774] [SEVERE ] removing card from slot 1
[13:16:14.774] [SEVERE ] player 2 placing token on slot 9
[13:16:14.774] [SEVERE ] player 1 placing token on slot 1
[13:16:14.774] [SEVERE ] removing tokens from slot 2
[13:16:14.875] [SEVERE ] removing card from slot 2
[13:16:14.875] [SEVERE ] removing tokens from slot 3
[13:16:14.977] [SEVERE ] removing card from slot 3
[13:16:15.086] [SEVERE ] removing player 2 token from slot 4
[13:16:15.086] [SEVERE ] removing tokens from slot 4
[13:16:15.195] [SEVERE ] removing card from slot 4
[13:16:15.306] [SEVERE ] removing player 1 token from slot 5
[13:16:15.306] [SEVERE ] removing tokens from slot 5
[13:16:15.416] [SEVERE ] removing card from slot 5
[13:16:15.523] [SEVERE ] removing player 2 token from slot 6
[13:16:15.523] [SEVERE ] removing tokens from slot 6
[13:16:15.630] [SEVERE ] removing card from slot 6
[13:16:15.630] [SEVERE ] removing tokens from slot 7
[13:16:15.741] [SEVERE ] removing card from slot 7
[13:16:15.741] [SEVERE ] removing tokens from slot 8
[13:16:15.852] [SEVERE ] removing card from slot 8
[13:16:15.961] [SEVERE ] removing player 1 token from slot 9
[13:16:16.068] [SEVERE ] removing player 2 token from slot 9
[13:16:16.068] [SEVERE ] removing tokens from slot 9
[13:16:16.178] [SEVERE ] removing card from slot 9
[13:16:16.178] [SEVERE ] removing tokens from slot 10
[13:16:16.288] [SEVERE ] removing card from slot 10
[13:16:16.288] [SEVERE ] removing tokens from slot 11
[13:16:16.398] [SEVERE ] removing card from slot 11
[13:16:16.507] [SEVERE ] placing card 65 in slot 0
[13:16:16.614] [SEVERE ] placing card 60 in slot 1
[13:16:16.723] [SEVERE ] placing card 55 in slot 2
[13:16:16.832] [SEVERE ] placing card 16 in slot 3
[13:16:16.942] [SEVERE ] placing card 17 in slot 4
[13:16:17.050] [SEVERE ] placing card 69 in slot 5
[13:16:17.156] [SEVERE ] placing card 58 in slot 6
[13:16:17.266] [SEVERE ] placing card 66 in slot 7
[13:16:17.374] [SEVERE ] placing card 73 in slot 8
[13:16:17.484] [SEVERE ] placing card 76 in slot 9
[13:16:17.592] [SEVERE ] placing card 53 in slot 10
[13:16:17.702] [SEVERE ] placing card 4 in slot 11
[13:16:17.704] [SEVERE ] updating countdown to 9900
[13:16:17.704] [SEVERE ] updating countdown to 9900
[13:16:17.705] [INFO   ] dealer going to sleep
[13:16:18.632] [INFO   ] dealer waking up
[13:16:18.632] [SEVERE ] updating countdown to 8972
[13:16:18.632] [INFO   ] dealer going to sleep
[13:16:19.567] [INFO   ] dealer waking up
[13:16:19.579] [SEVERE ] updating countdown to 8025
[13:16:19.579] [INFO   ] dealer going to sleep
[13:16:20.506] [INFO   ] dealer waking up
[13:16:20.506] [SEVERE ] updating countdown to 7098
[13:16:20.506] [INFO   ] dealer going to sleep
[13:16:21.438] [INFO   ] dealer waking up
[13:16:21.438] [SEVERE ] updating countdown to 6166
[13:16:21.438] [INFO   ] dealer going to sleep
[13:16:22.359] [INFO   ] dealer waking up
[13:16:22.359] [SEVERE ] updating countdown to 5245
[13:16:22.359] [INFO   ] dealer going to sleep
[13:16:23.289] [INFO   ] dealer waking up
[13:16:23.289] [SEVERE ] updating countdown to 4315
[13:16:23.289] [INFO   ] dealer going to sleep
[13:16:24.224] [INFO   ] dealer waking up
[13:16:24.224] [SEVERE ] updating countdown to 3380
[13:16:24.224] [INFO   ] dealer going to sleep
[13:16:25.155] [INFO   ] dealer waking up
[13:16:25.155] [SEVERE ] updating countdown to 2449
[13:16:25.155] [INFO   ] dealer going to sleep
[13:16:26.084] [INFO   ] dealer waking up
[13:16:26.084] [SEVERE ] updating countdown to 1520
[13:16:26.084] [INFO   ] dealer going to sleep
[13:16:27.015] [INFO   ] dealer waking up
[13:16:27.015] [SEVERE ] updating countdown to 589
[13:16:27.015] [INFO   ] dealer going to sleep
[13:16:27.945] [INFO   ] dealer waking up
[13:16:27.945] [SEVERE ] updating countdown to -341
[13:16:27.945] [SEVERE ] updating countdown to -341
[13:16:27.946] [SEVERE ] removing tokens from slot 0
[13:16:28.054] [SEVERE ] removing card from slot 0
[13:16:28.163] [SEVERE ] removing player 1 token from slot 1
[13:16:28.164] [SEVERE ] removing tokens from slot 1
[13:16:28.272] [SEVERE ] removing card from slot 1
[13:16:28.273] [SEVERE ] removing tokens from slot 2
[13:16:28.381] [SEVERE ] removing card from slot 2
[13:16:28.382] [SEVERE ] removing tokens from slot 3
[13:16:28.490] [SEVERE ] removing card from slot 3
[13:16:28.490] [SEVERE ] removing tokens from slot 4
[13:16:28.599] [SEVERE ] removing card from slot 4
[13:16:28.599] [SEVERE ] removing tokens from slot 5
[13:16:28.708] [SEVERE ] removing card from slot 5
[13:16:28.709] [SEVERE ] removing tokens from slot 6
[13:16:28.817] [SEVERE ] removing card from slot 6
[13:16:28.818] [SEVERE ] removing tokens from slot 7
[13:16:28.926] [SEVERE ] removing card from slot 7
[13:16:28.927] [SEVERE ] removing tokens from slot 8
[13:16:29.035] [SEVERE ] removing card from slot 8
[13:16:29.035] [SEVERE ] removing tokens from slot 9
[13:16:29.144] [SEVERE ] removing card from slot 9
[13:16:29.144] [SEVERE ] removing tokens from slot 10
[13:16:29.252] [SEVERE ] removing card from slot 10
[13:16:29.252] [SEVERE ] removing tokens from slot 11
[13:16:29.359] [SEVERE ] removing card from slot 11
[13:16:29.468] [SEVERE ] placing card 80 in slot 0
[13:16:29.578] [SEVERE ] placing card 45 in slot 1
[13:16:29.686] [SEVERE ] placing card 33 in slot 2
[13:16:29.795] [SEVERE ] placing card 60 in slot 3
[13:16:29.905] [SEVERE ] placing card 75 in slot 4
[13:16:30.014] [SEVERE ] placing card 70 in slot 5
[13:16:30.122] [SEVERE ] placing card 38 in slot 6
[13:16:30.231] [SEVERE ] placing card 61 in slot 7
[13:16:30.340] [SEVERE ] placing card 5 in slot 8
[13:16:30.448] [SEVERE ] placing card 66 in slot 9
[13:16:30.558] [SEVERE ] placing card 48 in slot 10
[13:16:30.667] [SEVERE ] placing card 51 in slot 11
[13:16:30.670] [SEVERE ] updating countdown to 9900
[13:16:30.671] [INFO   ] dealer going to sleep
[13:16:31.599] [INFO   ] dealer waking up
[13:16:31.599] [SEVERE ] updating countdown to 8971
[13:16:31.599] [INFO   ] dealer going to sleep
[13:16:32.532] [INFO   ] dealer waking up
[13:16:32.532] [SEVERE ] updating countdown to 8038
[13:16:32.532] [INFO   ] dealer going to sleep
[13:16:33.462] [INFO   ] dealer waking up
[13:16:33.462] [SEVERE ] updating countdown to 7108
[13:16:33.462] [INFO   ] dealer going to sleep
[13:16:33.875] [SEVERE ] exit button pressed
[13:16:33.876] [SEVERE ] removing tokens from slot 0
[13:16:33.989] [SEVERE ] removing card from slot 0
[13:16:33.989] [SEVERE ] removing tokens from slot 1
[13:16:34.098] [SEVERE ] removing card from slot 1
[13:16:34.099] [SEVERE ] removing tokens from slot 2
[13:16:34.207] [SEVERE ] removing card from slot 2
[13:16:34.207] [SEVERE ] removing tokens from slot 3
[13:16:34.317] [SEVERE ] removing card from slot 3
[13:16:34.317] [SEVERE ] removing tokens from slot 4
[13:16:34.395] [INFO   ] dealer waking up
[13:16:34.395] [SEVERE ] updating countdown to 6175
[13:16:34.426] [SEVERE ] removing card from slot 4
[13:16:34.426] [SEVERE ] removing tokens from slot 5
[13:16:34.505] [SEVERE ] placing card 77 in slot 0
[13:16:34.535] [SEVERE ] removing card from slot 5
[13:16:34.535] [SEVERE ] removing tokens from slot 6
[13:16:34.613] [SEVERE ] placing card 57 in slot 1
[13:16:34.644] [SEVERE ] removing card from slot 6
[13:16:34.644] [SEVERE ] removing tokens from slot 7
[13:16:34.722] [SEVERE ] placing card 14 in slot 2
[13:16:34.754] [SEVERE ] removing card from slot 7
[13:16:34.754] [SEVERE ] removing tokens from slot 8
[13:16:34.833] [SEVERE ] placing card 2 in slot 3
[13:16:34.863] [SEVERE ] removing card from slot 8
[13:16:34.863] [SEVERE ] removing tokens from slot 9
[13:16:34.942] [SEVERE ] placing card 79 in slot 4
[13:16:34.973] [SEVERE ] removing card from slot 9
[13:16:34.973] [SEVERE ] removing tokens from slot 10
[13:16:35.049] [SEVERE ] placing card 3 in slot 5
[13:16:35.080] [SEVERE ] removing card from slot 10
[13:16:35.080] [SEVERE ] removing tokens from slot 11
[13:16:35.157] [SEVERE ] placing card 74 in slot 6
[13:16:35.188] [SEVERE ] removing card from slot 11
[13:16:35.267] [SEVERE ] placing card 53 in slot 7
[13:16:35.376] [SEVERE ] placing card 47 in slot 8
[13:16:35.486] [SEVERE ] placing card 63 in slot 9
[13:16:35.595] [SEVERE ] placing card 10 in slot 10
[13:16:35.704] [SEVERE ] placing card 40 in slot 11
[13:16:35.704] [SEVERE ] updating countdown to 4866
[13:16:35.704] [SEVERE ] removing tokens from slot 0
[13:16:35.813] [SEVERE ] removing card from slot 0
[13:16:35.813] [SEVERE ] removing tokens from slot 1
[13:16:35.921] [SEVERE ] removing card from slot 1
[13:16:35.934] [SEVERE ] removing tokens from slot 2
[13:16:36.046] [SEVERE ] removing card from slot 2
[13:16:36.046] [SEVERE ] removing tokens from slot 3
[13:16:36.153] [SEVERE ] removing card from slot 3
[13:16:36.153] [SEVERE ] removing tokens from slot 4
[13:16:36.261] [SEVERE ] removing card from slot 4
[13:16:36.261] [SEVERE ] removing tokens from slot 5
[13:16:36.371] [SEVERE ] removing card from slot 5
[13:16:36.371] [SEVERE ] removing tokens from slot 6
[13:16:36.480] [SEVERE ] removing card from slot 6
[13:16:36.480] [SEVERE ] removing tokens from slot 7
[13:16:36.587] [SEVERE ] removing card from slot 7
[13:16:36.587] [SEVERE ] removing tokens from slot 8
[13:16:36.695] [SEVERE ] removing card from slot 8
[13:16:36.695] [SEVERE ] removing tokens from slot 9
[13:16:36.802] [SEVERE ] removing card from slot 9
[13:16:36.802] [SEVERE ] removing tokens from slot 10
[13:16:36.910] [SEVERE ] removing card from slot 10
[13:16:36.910] [SEVERE ] removing tokens from slot 11
[13:16:37.019] [SEVERE ] removing card from slot 11
[13:16:37.020] [SEVERE ] announcing winner(s): player 1
[13:16:37.021] [INFO   ] thread dealer terminated.
[13:16:37.021] [INFO   ] thread dealer terminated.
[13:16:37.021] [SEVERE ] thanks for playing... it was fun!
[13:16:37.022] [INFO   ] thread bguspl.set.Main.main() terminated.
